生成启动时间为 2017/12/28 11:42:31。
     1>项目“D:\NetPlayerServer\NetPlayerServer\NetPlayerServer.vcxproj”在节点 2 上(build 个目标)。
     1>InitializeBuildStatus:
         正在创建“Release\NetPlayerServer.unsuccessfulbuild”，因为已指定“AlwaysCreate”。
       ClCompile:
         F:\Program Files (x86)\Microsoft Visual Studio 10.0\VC\bin\CL.exe /c /Zi /nologo /W3 /WX- /O2 /Oi /Oy- /GL /D _MBCS /Gm- /EHsc /MD /GS /Gy /fp:precise /Zc:wchar_t /Zc:forScope /Fo"Release\\" /Fd"Release\vc100.pdb" /Gd /TP /analyze- /errorReport:prompt __Main.cpp
         __Main.cpp
     1>d:\netplayerserver\netplayerserver\network\inc\../../typedef/typedef.h(1014): warning C4996: 'strupr': The POSIX name for this item is deprecated. Instead, use the ISO C++ conformant name: _strupr. See online help for details.
                 F:\Program Files (x86)\Microsoft Visual Studio 10.0\VC\include\string.h(252) : 参见“strupr”的声明
     1>d:\netplayerserver\netplayerserver\network\inc\../../typedef/typedef.h(1020): warning C4996: 'strlwr': The POSIX name for this item is deprecated. Instead, use the ISO C++ conformant name: _strlwr. See online help for details.
                 F:\Program Files (x86)\Microsoft Visual Studio 10.0\VC\include\string.h(247) : 参见“strlwr”的声明
     1>__Main.cpp(58): warning C4996: 'fopen': This function or variable may be unsafe. Consider using fopen_s instead. To disable deprecation, use _CRT_SECURE_NO_WARNINGS. See online help for details.
                 F:\Program Files (x86)\Microsoft Visual Studio 10.0\VC\include\stdio.h(234) : 参见“fopen”的声明
       Link:
         F:\Program Files (x86)\Microsoft Visual Studio 10.0\VC\bin\link.exe /ERRORREPORT:PROMPT /OUT:"D:\NetPlayerServer\Release\NetPlayerServer.exe" /NOLOGO kernel32.lib user32.lib gdi32.lib winspool.lib comdlg32.lib advapi32.lib shell32.lib ole32.lib oleaut32.lib uuid.lib odbc32.lib odbccp32.lib /MANIFEST /ManifestFile:"Release\NetPlayerServer.exe.intermediate.manifest" /MANIFESTUAC:"level='asInvoker' uiAccess='false'" /DEBUG /PDB:"D:\NetPlayerServer\Release\NetPlayerServer.pdb" /OPT:REF /OPT:ICF /LTCG /TLBID:1 /DYNAMICBASE /NXCOMPAT /IMPLIB:"D:\NetPlayerServer\Release\NetPlayerServer.lib" /MACHINE:X86 Release\Cube_SocketUDP.obj
         Release\Cube_Thread.obj
         Release\typedef.obj
         Release\__Main.obj
         正在生成代码
         已完成代码的生成
         NetPlayerServer.vcxproj -> D:\NetPlayerServer\Release\NetPlayerServer.exe
       Manifest:
         C:\Program Files (x86)\Microsoft SDKs\Windows\v7.0A\bin\mt.exe /nologo /verbose /outputresource:"D:\NetPlayerServer\Release\NetPlayerServer.exe;#1" /manifest Release\NetPlayerServer.exe.intermediate.manifest
       FinalizeBuildStatus:
         正在删除文件“Release\NetPlayerServer.unsuccessfulbuild”。
         正在对“Release\NetPlayerServer.lastbuildstate”执行 Touch 任务。
     1>已完成生成项目“D:\NetPlayerServer\NetPlayerServer\NetPlayerServer.vcxproj”(build 个目标)的操作。

生成成功。

已用时间 00:00:00.94
