生成启动时间为 2017/12/28 11:09:22。
     1>项目“D:\NetPlayerServer\NetPlayerServer\NetPlayerServer.vcxproj”在节点 2 上(build 个目标)。
     1>InitializeBuildStatus:
         正在创建“Debug\NetPlayerServer.unsuccessfulbuild”，因为已指定“AlwaysCreate”。
       ClCompile:
         F:\Program Files (x86)\Microsoft Visual Studio 10.0\VC\bin\CL.exe /c /ZI /nologo /W3 /WX- /Od /Oy- /D _MBCS /Gm /EHsc /RTC1 /MDd /GS /fp:precise /Zc:wchar_t /Zc:forScope /Fo"Debug\\" /Fd"Debug\vc100.pdb" /Gd /TP /analyze- /errorReport:prompt __Main.cpp
         __Main.cpp
     1>d:\netplayerserver\netplayerserver\typedef\typedef.h(1014): warning C4996: 'strupr': The POSIX name for this item is deprecated. Instead, use the ISO C++ conformant name: _strupr. See online help for details.
                 f:\program files (x86)\microsoft visual studio 10.0\vc\include\string.h(252) : 参见“strupr”的声明
     1>d:\netplayerserver\netplayerserver\typedef\typedef.h(1020): warning C4996: 'strlwr': The POSIX name for this item is deprecated. Instead, use the ISO C++ conformant name: _strlwr. See online help for details.
                 f:\program files (x86)\microsoft visual studio 10.0\vc\include\string.h(247) : 参见“strlwr”的声明
     1>d:\netplayerserver\netplayerserver\__main.cpp(58): warning C4996: 'fopen': This function or variable may be unsafe. Consider using fopen_s instead. To disable deprecation, use _CRT_SECURE_NO_WARNINGS. See online help for details.
                 f:\program files (x86)\microsoft visual studio 10.0\vc\include\stdio.h(234) : 参见“fopen”的声明
       Link:
         F:\Program Files (x86)\Microsoft Visual Studio 10.0\VC\bin\link.exe /ERRORREPORT:PROMPT /OUT:"D:\NetPlayerServer\Debug\NetPlayerServer.exe" /NOLOGO kernel32.lib user32.lib gdi32.lib winspool.lib comdlg32.lib advapi32.lib shell32.lib ole32.lib oleaut32.lib uuid.lib odbc32.lib odbccp32.lib /MANIFEST /ManifestFile:"Debug\NetPlayerServer.exe.intermediate.manifest" /MANIFESTUAC:"level='asInvoker' uiAccess='false'" /DEBUG /PDB:"D:\NetPlayerServer\Debug\NetPlayerServer.pdb" /TLBID:1 /DYNAMICBASE /NXCOMPAT /IMPLIB:"D:\NetPlayerServer\Debug\NetPlayerServer.lib" /MACHINE:X86 Debug\Cube_SocketUDP.obj
         Debug\Cube_Thread.obj
         Debug\typedef.obj
         Debug\__Main.obj
         LINK : 没有找到 D:\NetPlayerServer\Debug\NetPlayerServer.exe 或上一个增量链接没有生成它；正在执行完全链接
         NetPlayerServer.vcxproj -> D:\NetPlayerServer\Debug\NetPlayerServer.exe
       Manifest:
         C:\Program Files (x86)\Microsoft SDKs\Windows\v7.0A\bin\mt.exe /nologo /verbose /outputresource:"D:\NetPlayerServer\Debug\NetPlayerServer.exe;#1" /manifest Debug\NetPlayerServer.exe.intermediate.manifest
       FinalizeBuildStatus:
         正在删除文件“Debug\NetPlayerServer.unsuccessfulbuild”。
         正在对“Debug\NetPlayerServer.lastbuildstate”执行 Touch 任务。
     1>已完成生成项目“D:\NetPlayerServer\NetPlayerServer\NetPlayerServer.vcxproj”(build 个目标)的操作。

生成成功。

已用时间 00:00:00.90
